2025-03-26T11:31:18.984+05:30  INFO 23792 --- [Bank_Application-Backend-Spring-Security] [restartedMain] com.aurionpro.bank.Application           : Starting Application using Java 21.0.6 with PID 23792 (D:\Aurionpro_Vatsal_Training\Spring Projects\Bank_Application-Backend-Spring-Security\target\classes started by vatsal.soni in D:\Aurionpro_Vatsal_Training\Spring Projects\Bank_Application-Backend-Spring-Security)
2025-03-26T11:31:18.993+05:30  INFO 23792 --- [Bank_Application-Backend-Spring-Security] [restartedMain] com.aurionpro.bank.Application           : No active profile set, falling back to 1 default profile: "default"
2025-03-26T11:31:19.063+05:30  INFO 23792 --- [Bank_Application-Backend-Spring-Security] [restartedMain] .e.DevToolsPropertyDefaultsPostProcessor : Devtools property defaults active! Set 'spring.devtools.add-properties' to 'false' to disable
2025-03-26T11:31:19.065+05:30  INFO 23792 --- [Bank_Application-Backend-Spring-Security] [restartedMain] .e.DevToolsPropertyDefaultsPostProcessor : For additional web related logging consider setting the 'logging.level.web' property to 'DEBUG'
2025-03-26T11:31:20.011+05:30  INFO 23792 --- [Bank_Application-Backend-Spring-Security] [restartedMain] .s.d.r.c.RepositoryConfigurationDelegate : Bootstrapping Spring Data JPA repositories in DEFAULT mode.
2025-03-26T11:31:20.157+05:30  INFO 23792 --- [Bank_Application-Backend-Spring-Security] [restartedMain] .s.d.r.c.RepositoryConfigurationDelegate : Finished Spring Data repository scanning in 133 ms. Found 5 JPA repository interfaces.
2025-03-26T11:31:20.672+05:30  INFO 23792 --- [Bank_Application-Backend-Spring-Security] [restartedMain] o.s.b.w.embedded.tomcat.TomcatWebServer  : Tomcat initialized with port 8080 (http)
2025-03-26T11:31:20.692+05:30  INFO 23792 --- [Bank_Application-Backend-Spring-Security] [restartedMain] o.apache.catalina.core.StandardService   : Starting service [Tomcat]
2025-03-26T11:31:20.693+05:30  INFO 23792 --- [Bank_Application-Backend-Spring-Security] [restartedMain] o.apache.catalina.core.StandardEngine    : Starting Servlet engine: [Apache Tomcat/10.1.39]
2025-03-26T11:31:20.756+05:30  INFO 23792 --- [Bank_Application-Backend-Spring-Security] [restartedMain] o.a.c.c.C.[Tomcat].[localhost].[/]       : Initializing Spring embedded WebApplicationContext
2025-03-26T11:31:20.757+05:30  INFO 23792 --- [Bank_Application-Backend-Spring-Security] [restartedMain] w.s.c.ServletWebServerApplicationContext : Root WebApplicationContext: initialization completed in 1690 ms
2025-03-26T11:31:20.918+05:30  INFO 23792 --- [Bank_Application-Backend-Spring-Security] [restartedMain] o.hibernate.jpa.internal.util.LogHelper  : HHH000204: Processing PersistenceUnitInfo [name: default]
2025-03-26T11:31:20.977+05:30  INFO 23792 --- [Bank_Application-Backend-Spring-Security] [restartedMain] org.hibernate.Version                    : HHH000412: Hibernate ORM core version 6.6.11.Final
2025-03-26T11:31:21.018+05:30  INFO 23792 --- [Bank_Application-Backend-Spring-Security] [restartedMain] o.h.c.internal.RegionFactoryInitiator    : HHH000026: Second-level cache disabled
2025-03-26T11:31:21.375+05:30  INFO 23792 --- [Bank_Application-Backend-Spring-Security] [restartedMain] o.s.o.j.p.SpringPersistenceUnitInfo      : No LoadTimeWeaver setup: ignoring JPA class transformer
2025-03-26T11:31:21.403+05:30  INFO 23792 --- [Bank_Application-Backend-Spring-Security] [restartedMain] com.zaxxer.hikari.HikariDataSource       : HikariPool-1 - Starting...
2025-03-26T11:31:21.812+05:30  INFO 23792 --- [Bank_Application-Backend-Spring-Security] [restartedMain] com.zaxxer.hikari.pool.HikariPool        : HikariPool-1 - Added connection com.mysql.cj.jdbc.ConnectionImpl@532c730f
2025-03-26T11:31:21.814+05:30  INFO 23792 --- [Bank_Application-Backend-Spring-Security] [restartedMain] com.zaxxer.hikari.HikariDataSource       : HikariPool-1 - Start completed.
2025-03-26T11:31:21.917+05:30  INFO 23792 --- [Bank_Application-Backend-Spring-Security] [restartedMain] org.hibernate.orm.connections.pooling    : HHH10001005: Database info:
	Database JDBC URL [Connecting through datasource 'HikariDataSource (HikariPool-1)']
	Database driver: undefined/unknown
	Database version: 8.0.41
	Autocommit mode: undefined/unknown
	Isolation level: undefined/unknown
	Minimum pool size: undefined/unknown
	Maximum pool size: undefined/unknown
2025-03-26T11:31:23.042+05:30  INFO 23792 --- [Bank_Application-Backend-Spring-Security] [restartedMain] o.h.e.t.j.p.i.JtaPlatformInitiator       : HHH000489: No JTA platform available (set 'hibernate.transaction.jta.platform' to enable JTA platform integration)
2025-03-26T11:31:23.142+05:30  INFO 23792 --- [Bank_Application-Backend-Spring-Security] [restartedMain] j.LocalContainerEntityManagerFactoryBean : Initialized JPA EntityManagerFactory for persistence unit 'default'
2025-03-26T11:31:23.798+05:30  WARN 23792 --- [Bank_Application-Backend-Spring-Security] [restartedMain] JpaBaseConfiguration$JpaWebConfiguration : spring.jpa.open-in-view is enabled by default. Therefore, database queries may be performed during view rendering. Explicitly configure spring.jpa.open-in-view to disable this warning
2025-03-26T11:31:24.246+05:30  INFO 23792 --- [Bank_Application-Backend-Spring-Security] [restartedMain] o.s.b.d.a.OptionalLiveReloadServer       : LiveReload server is running on port 35729
2025-03-26T11:31:24.305+05:30  INFO 23792 --- [Bank_Application-Backend-Spring-Security] [restartedMain] o.s.b.w.embedded.tomcat.TomcatWebServer  : Tomcat started on port 8080 (http) with context path '/'
2025-03-26T11:31:24.314+05:30  INFO 23792 --- [Bank_Application-Backend-Spring-Security] [restartedMain] com.aurionpro.bank.Application           : Started Application in 5.831 seconds (process running for 7.08)
2025-03-26T11:39:44.751+05:30  INFO 23792 --- [Bank_Application-Backend-Spring-Security] [http-nio-8080-exec-2] o.a.c.c.C.[Tomcat].[localhost].[/]       : Initializing Spring DispatcherServlet 'dispatcherServlet'
2025-03-26T11:39:44.751+05:30  INFO 23792 --- [Bank_Application-Backend-Spring-Security] [http-nio-8080-exec-2] o.s.web.servlet.DispatcherServlet        : Initializing Servlet 'dispatcherServlet'
2025-03-26T11:39:44.751+05:30  INFO 23792 --- [Bank_Application-Backend-Spring-Security] [http-nio-8080-exec-2] o.s.web.servlet.DispatcherServlet        : Completed initialization in 0 ms
2025-03-26T11:46:46.897+05:30  INFO 23792 --- [Bank_Application-Backend-Spring-Security] [RMI TCP Connection(23)-127.0.0.1] inMXBeanRegistrar$SpringApplicationAdmin : Application shutdown requested.
2025-03-26T11:46:46.900+05:30  INFO 23792 --- [Bank_Application-Backend-Spring-Security] [RMI TCP Connection(23)-127.0.0.1] o.s.b.w.e.tomcat.GracefulShutdown        : Commencing graceful shutdown. Waiting for active requests to complete
2025-03-26T11:46:46.909+05:30  INFO 23792 --- [Bank_Application-Backend-Spring-Security] [tomcat-shutdown] o.s.b.w.e.tomcat.GracefulShutdown        : Graceful shutdown complete
2025-03-26T11:46:46.914+05:30  INFO 23792 --- [Bank_Application-Backend-Spring-Security] [RMI TCP Connection(23)-127.0.0.1] j.LocalContainerEntityManagerFactoryBean : Closing JPA EntityManagerFactory for persistence unit 'default'
2025-03-26T11:46:46.917+05:30  INFO 23792 --- [Bank_Application-Backend-Spring-Security] [RMI TCP Connection(23)-127.0.0.1] com.zaxxer.hikari.HikariDataSource       : HikariPool-1 - Shutdown initiated...
2025-03-26T11:46:46.932+05:30  INFO 23792 --- [Bank_Application-Backend-Spring-Security] [RMI TCP Connection(23)-127.0.0.1] com.zaxxer.hikari.HikariDataSource       : HikariPool-1 - Shutdown completed.
