2025-03-20T14:48:38.722+05:30  INFO 11936 --- [Bank-Application-Backend] [restartedMain] com.aurionpro.bank.Application           : Starting Application using Java 21.0.6 with PID 11936 (D:\Aurionpro_Vatsal_Training\Spring Projects\Bank-Application-Backend\target\classes started by vatsal.soni in D:\Aurionpro_Vatsal_Training\Spring Projects\Bank-Application-Backend)
2025-03-20T14:48:38.724+05:30  INFO 11936 --- [Bank-Application-Backend] [restartedMain] com.aurionpro.bank.Application           : No active profile set, falling back to 1 default profile: "default"
2025-03-20T14:48:38.792+05:30  INFO 11936 --- [Bank-Application-Backend] [restartedMain] .e.DevToolsPropertyDefaultsPostProcessor : Devtools property defaults active! Set 'spring.devtools.add-properties' to 'false' to disable
2025-03-20T14:48:38.794+05:30  INFO 11936 --- [Bank-Application-Backend] [restartedMain] .e.DevToolsPropertyDefaultsPostProcessor : For additional web related logging consider setting the 'logging.level.web' property to 'DEBUG'
2025-03-20T14:48:39.878+05:30  INFO 11936 --- [Bank-Application-Backend] [restartedMain] .s.d.r.c.RepositoryConfigurationDelegate : Bootstrapping Spring Data JPA repositories in DEFAULT mode.
2025-03-20T14:48:40.060+05:30  INFO 11936 --- [Bank-Application-Backend] [restartedMain] .s.d.r.c.RepositoryConfigurationDelegate : Finished Spring Data repository scanning in 170 ms. Found 5 JPA repository interfaces.
2025-03-20T14:48:40.700+05:30  INFO 11936 --- [Bank-Application-Backend] [restartedMain] o.s.b.w.embedded.tomcat.TomcatWebServer  : Tomcat initialized with port 8080 (http)
2025-03-20T14:48:40.723+05:30  INFO 11936 --- [Bank-Application-Backend] [restartedMain] o.apache.catalina.core.StandardService   : Starting service [Tomcat]
2025-03-20T14:48:40.724+05:30  INFO 11936 --- [Bank-Application-Backend] [restartedMain] o.apache.catalina.core.StandardEngine    : Starting Servlet engine: [Apache Tomcat/10.1.36]
2025-03-20T14:48:40.786+05:30  INFO 11936 --- [Bank-Application-Backend] [restartedMain] o.a.c.c.C.[Tomcat].[localhost].[/]       : Initializing Spring embedded WebApplicationContext
2025-03-20T14:48:40.786+05:30  INFO 11936 --- [Bank-Application-Backend] [restartedMain] w.s.c.ServletWebServerApplicationContext : Root WebApplicationContext: initialization completed in 1991 ms
2025-03-20T14:48:40.960+05:30  INFO 11936 --- [Bank-Application-Backend] [restartedMain] o.hibernate.jpa.internal.util.LogHelper  : HHH000204: Processing PersistenceUnitInfo [name: default]
2025-03-20T14:48:41.017+05:30  INFO 11936 --- [Bank-Application-Backend] [restartedMain] org.hibernate.Version                    : HHH000412: Hibernate ORM core version 6.6.8.Final
2025-03-20T14:48:41.060+05:30  INFO 11936 --- [Bank-Application-Backend] [restartedMain] o.h.c.internal.RegionFactoryInitiator    : HHH000026: Second-level cache disabled
2025-03-20T14:48:41.428+05:30  INFO 11936 --- [Bank-Application-Backend] [restartedMain] o.s.o.j.p.SpringPersistenceUnitInfo      : No LoadTimeWeaver setup: ignoring JPA class transformer
2025-03-20T14:48:41.461+05:30  INFO 11936 --- [Bank-Application-Backend] [restartedMain] com.zaxxer.hikari.HikariDataSource       : HikariPool-1 - Starting...
2025-03-20T14:48:41.867+05:30  INFO 11936 --- [Bank-Application-Backend] [restartedMain] com.zaxxer.hikari.pool.HikariPool        : HikariPool-1 - Added connection com.mysql.cj.jdbc.ConnectionImpl@1bb85e1b
2025-03-20T14:48:41.869+05:30  INFO 11936 --- [Bank-Application-Backend] [restartedMain] com.zaxxer.hikari.HikariDataSource       : HikariPool-1 - Start completed.
2025-03-20T14:48:41.962+05:30  INFO 11936 --- [Bank-Application-Backend] [restartedMain] org.hibernate.orm.connections.pooling    : HHH10001005: Database info:
	Database JDBC URL [Connecting through datasource 'HikariDataSource (HikariPool-1)']
	Database driver: undefined/unknown
	Database version: 8.0.41
	Autocommit mode: undefined/unknown
	Isolation level: undefined/unknown
	Minimum pool size: undefined/unknown
	Maximum pool size: undefined/unknown
2025-03-20T14:48:43.110+05:30  INFO 11936 --- [Bank-Application-Backend] [restartedMain] o.h.e.t.j.p.i.JtaPlatformInitiator       : HHH000489: No JTA platform available (set 'hibernate.transaction.jta.platform' to enable JTA platform integration)
2025-03-20T14:48:43.243+05:30  INFO 11936 --- [Bank-Application-Backend] [restartedMain] j.LocalContainerEntityManagerFactoryBean : Initialized JPA EntityManagerFactory for persistence unit 'default'
2025-03-20T14:48:43.844+05:30  WARN 11936 --- [Bank-Application-Backend] [restartedMain] JpaBaseConfiguration$JpaWebConfiguration : spring.jpa.open-in-view is enabled by default. Therefore, database queries may be performed during view rendering. Explicitly configure spring.jpa.open-in-view to disable this warning
2025-03-20T14:48:44.261+05:30  INFO 11936 --- [Bank-Application-Backend] [restartedMain] o.s.b.d.a.OptionalLiveReloadServer       : LiveReload server is running on port 35729
2025-03-20T14:48:44.315+05:30  INFO 11936 --- [Bank-Application-Backend] [restartedMain] o.s.b.w.embedded.tomcat.TomcatWebServer  : Tomcat started on port 8080 (http) with context path '/'
2025-03-20T14:48:44.325+05:30  INFO 11936 --- [Bank-Application-Backend] [restartedMain] com.aurionpro.bank.Application           : Started Application in 6.2 seconds (process running for 7.424)
2025-03-20T14:48:52.916+05:30  INFO 11936 --- [Bank-Application-Backend] [File Watcher] rtingClassPathChangeChangedEventListener : Restarting due to 3 class path changes (0 additions, 0 deletions, 3 modifications)
2025-03-20T14:48:52.922+05:30  INFO 11936 --- [Bank-Application-Backend] [Thread-5] o.s.b.w.e.tomcat.GracefulShutdown        : Commencing graceful shutdown. Waiting for active requests to complete
2025-03-20T14:48:52.931+05:30  INFO 11936 --- [Bank-Application-Backend] [tomcat-shutdown] o.s.b.w.e.tomcat.GracefulShutdown        : Graceful shutdown complete
2025-03-20T14:48:52.937+05:30  INFO 11936 --- [Bank-Application-Backend] [Thread-5] j.LocalContainerEntityManagerFactoryBean : Closing JPA EntityManagerFactory for persistence unit 'default'
2025-03-20T14:48:52.941+05:30  INFO 11936 --- [Bank-Application-Backend] [Thread-5] com.zaxxer.hikari.HikariDataSource       : HikariPool-1 - Shutdown initiated...
2025-03-20T14:48:52.963+05:30  INFO 11936 --- [Bank-Application-Backend] [Thread-5] com.zaxxer.hikari.HikariDataSource       : HikariPool-1 - Shutdown completed.
2025-03-20T14:48:53.086+05:30  INFO 11936 --- [Bank-Application-Backend] [restartedMain] com.aurionpro.bank.Application           : Starting Application using Java 21.0.6 with PID 11936 (D:\Aurionpro_Vatsal_Training\Spring Projects\Bank-Application-Backend\target\classes started by vatsal.soni in D:\Aurionpro_Vatsal_Training\Spring Projects\Bank-Application-Backend)
2025-03-20T14:48:53.087+05:30  INFO 11936 --- [Bank-Application-Backend] [restartedMain] com.aurionpro.bank.Application           : No active profile set, falling back to 1 default profile: "default"
2025-03-20T14:48:53.414+05:30  INFO 11936 --- [Bank-Application-Backend] [restartedMain] .s.d.r.c.RepositoryConfigurationDelegate : Bootstrapping Spring Data JPA repositories in DEFAULT mode.
2025-03-20T14:48:53.485+05:30  INFO 11936 --- [Bank-Application-Backend] [restartedMain] .s.d.r.c.RepositoryConfigurationDelegate : Finished Spring Data repository scanning in 69 ms. Found 5 JPA repository interfaces.
2025-03-20T14:48:53.594+05:30  INFO 11936 --- [Bank-Application-Backend] [restartedMain] o.s.b.w.embedded.tomcat.TomcatWebServer  : Tomcat initialized with port 8080 (http)
2025-03-20T14:48:53.596+05:30  INFO 11936 --- [Bank-Application-Backend] [restartedMain] o.apache.catalina.core.StandardService   : Starting service [Tomcat]
2025-03-20T14:48:53.596+05:30  INFO 11936 --- [Bank-Application-Backend] [restartedMain] o.apache.catalina.core.StandardEngine    : Starting Servlet engine: [Apache Tomcat/10.1.36]
2025-03-20T14:48:53.619+05:30  INFO 11936 --- [Bank-Application-Backend] [restartedMain] o.a.c.c.C.[Tomcat].[localhost].[/]       : Initializing Spring embedded WebApplicationContext
2025-03-20T14:48:53.619+05:30  INFO 11936 --- [Bank-Application-Backend] [restartedMain] w.s.c.ServletWebServerApplicationContext : Root WebApplicationContext: initialization completed in 531 ms
2025-03-20T14:48:53.658+05:30  INFO 11936 --- [Bank-Application-Backend] [restartedMain] o.hibernate.jpa.internal.util.LogHelper  : HHH000204: Processing PersistenceUnitInfo [name: default]
2025-03-20T14:48:53.661+05:30  INFO 11936 --- [Bank-Application-Backend] [restartedMain] o.h.c.internal.RegionFactoryInitiator    : HHH000026: Second-level cache disabled
2025-03-20T14:48:53.674+05:30  INFO 11936 --- [Bank-Application-Backend] [restartedMain] o.s.o.j.p.SpringPersistenceUnitInfo      : No LoadTimeWeaver setup: ignoring JPA class transformer
2025-03-20T14:48:53.676+05:30  INFO 11936 --- [Bank-Application-Backend] [restartedMain] com.zaxxer.hikari.HikariDataSource       : HikariPool-2 - Starting...
2025-03-20T14:48:53.694+05:30  INFO 11936 --- [Bank-Application-Backend] [restartedMain] com.zaxxer.hikari.pool.HikariPool        : HikariPool-2 - Added connection com.mysql.cj.jdbc.ConnectionImpl@4955eaa9
2025-03-20T14:48:53.694+05:30  INFO 11936 --- [Bank-Application-Backend] [restartedMain] com.zaxxer.hikari.HikariDataSource       : HikariPool-2 - Start completed.
2025-03-20T14:48:53.697+05:30  INFO 11936 --- [Bank-Application-Backend] [restartedMain] org.hibernate.orm.connections.pooling    : HHH10001005: Database info:
	Database JDBC URL [Connecting through datasource 'HikariDataSource (HikariPool-2)']
	Database driver: undefined/unknown
	Database version: 8.0.41
	Autocommit mode: undefined/unknown
	Isolation level: undefined/unknown
	Minimum pool size: undefined/unknown
	Maximum pool size: undefined/unknown
2025-03-20T14:48:53.836+05:30  INFO 11936 --- [Bank-Application-Backend] [restartedMain] o.h.e.t.j.p.i.JtaPlatformInitiator       : HHH000489: No JTA platform available (set 'hibernate.transaction.jta.platform' to enable JTA platform integration)
2025-03-20T14:48:53.878+05:30  INFO 11936 --- [Bank-Application-Backend] [restartedMain] j.LocalContainerEntityManagerFactoryBean : Initialized JPA EntityManagerFactory for persistence unit 'default'
2025-03-20T14:48:54.076+05:30  WARN 11936 --- [Bank-Application-Backend] [restartedMain] JpaBaseConfiguration$JpaWebConfiguration : spring.jpa.open-in-view is enabled by default. Therefore, database queries may be performed during view rendering. Explicitly configure spring.jpa.open-in-view to disable this warning
2025-03-20T14:48:54.191+05:30  INFO 11936 --- [Bank-Application-Backend] [restartedMain] o.s.b.d.a.OptionalLiveReloadServer       : LiveReload server is running on port 35729
2025-03-20T14:48:54.212+05:30  INFO 11936 --- [Bank-Application-Backend] [restartedMain] o.s.b.w.embedded.tomcat.TomcatWebServer  : Tomcat started on port 8080 (http) with context path '/'
2025-03-20T14:48:54.219+05:30  INFO 11936 --- [Bank-Application-Backend] [restartedMain] com.aurionpro.bank.Application           : Started Application in 1.177 seconds (process running for 17.319)
2025-03-20T14:48:54.223+05:30  INFO 11936 --- [Bank-Application-Backend] [restartedMain] .ConditionEvaluationDeltaLoggingListener : Condition evaluation unchanged
2025-03-20T14:49:19.434+05:30  INFO 11936 --- [Bank-Application-Backend] [RMI TCP Connection(8)-127.0.0.1] inMXBeanRegistrar$SpringApplicationAdmin : Application shutdown requested.
2025-03-20T14:49:19.435+05:30  INFO 11936 --- [Bank-Application-Backend] [RMI TCP Connection(8)-127.0.0.1] o.s.b.w.e.tomcat.GracefulShutdown        : Commencing graceful shutdown. Waiting for active requests to complete
2025-03-20T14:49:19.447+05:30  INFO 11936 --- [Bank-Application-Backend] [tomcat-shutdown] o.s.b.w.e.tomcat.GracefulShutdown        : Graceful shutdown complete
2025-03-20T14:49:19.451+05:30  INFO 11936 --- [Bank-Application-Backend] [RMI TCP Connection(8)-127.0.0.1] j.LocalContainerEntityManagerFactoryBean : Closing JPA EntityManagerFactory for persistence unit 'default'
2025-03-20T14:49:19.453+05:30  INFO 11936 --- [Bank-Application-Backend] [RMI TCP Connection(8)-127.0.0.1] com.zaxxer.hikari.HikariDataSource       : HikariPool-2 - Shutdown initiated...
2025-03-20T14:49:19.466+05:30  INFO 11936 --- [Bank-Application-Backend] [RMI TCP Connection(8)-127.0.0.1] com.zaxxer.hikari.HikariDataSource       : HikariPool-2 - Shutdown completed.
