2025-03-16T20:50:19.370+05:30  INFO 4940 --- [basiccrud-app] [restartedMain] com.aurionpro.crud.Application           : Starting Application using Java 21.0.6 with PID 4940 (D:\Aurionpro_Vatsal_Training\Spring Projects\basiccrud-app-student\target\classes started by vatsal.soni in D:\Aurionpro_Vatsal_Training\Spring Projects\basiccrud-app-student)
2025-03-16T20:50:19.379+05:30  INFO 4940 --- [basiccrud-app] [restartedMain] com.aurionpro.crud.Application           : No active profile set, falling back to 1 default profile: "default"
2025-03-16T20:50:19.448+05:30  INFO 4940 --- [basiccrud-app] [restartedMain] .e.DevToolsPropertyDefaultsPostProcessor : Devtools property defaults active! Set 'spring.devtools.add-properties' to 'false' to disable
2025-03-16T20:50:19.449+05:30  INFO 4940 --- [basiccrud-app] [restartedMain] .e.DevToolsPropertyDefaultsPostProcessor : For additional web related logging consider setting the 'logging.level.web' property to 'DEBUG'
2025-03-16T20:50:20.311+05:30  INFO 4940 --- [basiccrud-app] [restartedMain] .s.d.r.c.RepositoryConfigurationDelegate : Bootstrapping Spring Data JPA repositories in DEFAULT mode.
2025-03-16T20:50:20.413+05:30  INFO 4940 --- [basiccrud-app] [restartedMain] .s.d.r.c.RepositoryConfigurationDelegate : Finished Spring Data repository scanning in 92 ms. Found 3 JPA repository interfaces.
2025-03-16T20:50:21.037+05:30  INFO 4940 --- [basiccrud-app] [restartedMain] o.s.b.w.embedded.tomcat.TomcatWebServer  : Tomcat initialized with port 8080 (http)
2025-03-16T20:50:21.054+05:30  INFO 4940 --- [basiccrud-app] [restartedMain] o.apache.catalina.core.StandardService   : Starting service [Tomcat]
2025-03-16T20:50:21.055+05:30  INFO 4940 --- [basiccrud-app] [restartedMain] o.apache.catalina.core.StandardEngine    : Starting Servlet engine: [Apache Tomcat/10.1.36]
2025-03-16T20:50:21.129+05:30  INFO 4940 --- [basiccrud-app] [restartedMain] o.a.c.c.C.[Tomcat].[localhost].[/]       : Initializing Spring embedded WebApplicationContext
2025-03-16T20:50:21.130+05:30  INFO 4940 --- [basiccrud-app] [restartedMain] w.s.c.ServletWebServerApplicationContext : Root WebApplicationContext: initialization completed in 1680 ms
2025-03-16T20:50:21.331+05:30  INFO 4940 --- [basiccrud-app] [restartedMain] o.hibernate.jpa.internal.util.LogHelper  : HHH000204: Processing PersistenceUnitInfo [name: default]
2025-03-16T20:50:21.380+05:30  INFO 4940 --- [basiccrud-app] [restartedMain] org.hibernate.Version                    : HHH000412: Hibernate ORM core version 6.6.8.Final
2025-03-16T20:50:21.430+05:30  INFO 4940 --- [basiccrud-app] [restartedMain] o.h.c.internal.RegionFactoryInitiator    : HHH000026: Second-level cache disabled
2025-03-16T20:50:21.789+05:30  INFO 4940 --- [basiccrud-app] [restartedMain] o.s.o.j.p.SpringPersistenceUnitInfo      : No LoadTimeWeaver setup: ignoring JPA class transformer
2025-03-16T20:50:21.828+05:30  INFO 4940 --- [basiccrud-app] [restartedMain] com.zaxxer.hikari.HikariDataSource       : HikariPool-1 - Starting...
2025-03-16T20:50:22.318+05:30  INFO 4940 --- [basiccrud-app] [restartedMain] com.zaxxer.hikari.pool.HikariPool        : HikariPool-1 - Added connection com.mysql.cj.jdbc.ConnectionImpl@367f57b0
2025-03-16T20:50:22.320+05:30  INFO 4940 --- [basiccrud-app] [restartedMain] com.zaxxer.hikari.HikariDataSource       : HikariPool-1 - Start completed.
2025-03-16T20:50:22.415+05:30  INFO 4940 --- [basiccrud-app] [restartedMain] org.hibernate.orm.connections.pooling    : HHH10001005: Database info:
	Database JDBC URL [Connecting through datasource 'HikariDataSource (HikariPool-1)']
	Database driver: undefined/unknown
	Database version: 8.0.41
	Autocommit mode: undefined/unknown
	Isolation level: undefined/unknown
	Minimum pool size: undefined/unknown
	Maximum pool size: undefined/unknown
2025-03-16T20:50:23.667+05:30  INFO 4940 --- [basiccrud-app] [restartedMain] o.h.e.t.j.p.i.JtaPlatformInitiator       : HHH000489: No JTA platform available (set 'hibernate.transaction.jta.platform' to enable JTA platform integration)
2025-03-16T20:50:24.019+05:30  INFO 4940 --- [basiccrud-app] [restartedMain] j.LocalContainerEntityManagerFactoryBean : Initialized JPA EntityManagerFactory for persistence unit 'default'
2025-03-16T20:50:24.479+05:30  WARN 4940 --- [basiccrud-app] [restartedMain] JpaBaseConfiguration$JpaWebConfiguration : spring.jpa.open-in-view is enabled by default. Therefore, database queries may be performed during view rendering. Explicitly configure spring.jpa.open-in-view to disable this warning
2025-03-16T20:50:24.961+05:30  WARN 4940 --- [basiccrud-app] [restartedMain] o.s.b.d.a.OptionalLiveReloadServer       : Unable to start LiveReload server
2025-03-16T20:50:24.993+05:30  WARN 4940 --- [basiccrud-app] [restartedMain] ConfigServletWebServerApplicationContext : Exception encountered during context initialization - cancelling refresh attempt: org.springframework.context.ApplicationContextException: Failed to start bean 'webServerStartStop'
2025-03-16T20:50:24.996+05:30  INFO 4940 --- [basiccrud-app] [restartedMain] j.LocalContainerEntityManagerFactoryBean : Closing JPA EntityManagerFactory for persistence unit 'default'
2025-03-16T20:50:25.000+05:30  INFO 4940 --- [basiccrud-app] [restartedMain] com.zaxxer.hikari.HikariDataSource       : HikariPool-1 - Shutdown initiated...
2025-03-16T20:50:25.020+05:30  INFO 4940 --- [basiccrud-app] [restartedMain] com.zaxxer.hikari.HikariDataSource       : HikariPool-1 - Shutdown completed.
2025-03-16T20:50:25.042+05:30  INFO 4940 --- [basiccrud-app] [restartedMain] .s.b.a.l.ConditionEvaluationReportLogger : 

Error starting ApplicationContext. To display the condition evaluation report re-run your application with 'debug' enabled.
2025-03-16T20:50:25.078+05:30 ERROR 4940 --- [basiccrud-app] [restartedMain] o.s.b.d.LoggingFailureAnalysisReporter   : 

***************************
APPLICATION FAILED TO START
***************************

Description:

Web server failed to start. Port 8080 was already in use.

Action:

Identify and stop the process that's listening on port 8080 or configure this application to listen on another port.

